backend/build/app/outputs/mapping/release/seeds.txt
androidx.window.embedding.SplitRule: SplitRule()
com.yalantis.ucrop.view.TransformImageView: void setMaxBitmapSize(int)
com.dexterous.flutterlocalnotifications.FlutterLocalNotificationsPlugin: void deleteNotificationChannel(io.flutter.plugin.common.MethodCall,io.flutter.plugin.common.MethodChannel$Result)
androidx.profileinstaller.ProfileInstallerInitializer$Choreographer16Impl: void postFrameCallback(java.lang.Runnable)
com.dexterous.flutterlocalnotifications.FlutterLocalNotificationsPlugin: void requestExactAlarmsPermission(com.dexterous.flutterlocalnotifications.PermissionRequestListener)
io.flutter.plugins.sharedpreferences.SharedPreferencesAsyncApi$Companion: SharedPreferencesAsyncApi$Companion()
io.flutter.plugin.editing.ImeSyncDeferringInsetsCallback: android.view.WindowInsets access$500(io.flutter.plugin.editing.ImeSyncDeferringInsetsCallback)
androidx.appcompat.widget.SearchView: SearchView(android.content.Context,android.util.AttributeSet,int)
io.flutter.embedding.engine.FlutterJNI: void nativeLoadDartDeferredLibrary(long,int,java.lang.String[])
androidx.core.content.FileProvider: FileProvider()
androidx.window.layout.ExtensionWindowLayoutInfoBackend$MulticastConsumer: ExtensionWindowLayoutInfoBackend$MulticastConsumer(android.app.Activity)
androidx.core.view.WindowInsetsCompat$BuilderImpl: WindowInsetsCompat$BuilderImpl(androidx.core.view.WindowInsetsCompat)
androidx.core.app.AlarmManagerCompat$Api21Impl: void setAlarmClock(android.app.AlarmManager,java.lang.Object,android.app.PendingIntent)
io.flutter.embedding.engine.mutatorsstack.FlutterMutatorsStack: android.graphics.Matrix getFinalMatrix()
io.flutter.embedding.android.FlutterView: void setWindowInfoListenerDisplayFeatures(androidx.window.layout.WindowLayoutInfo)
io.flutter.embedding.engine.FlutterJNI: boolean nativeFlutterTextUtilsIsEmojiModifierBase(int)
androidx.window.embedding.ActivityStack: boolean equals(java.lang.Object)
androidx.appcompat.widget.ButtonBarLayout: void setStacked(boolean)
io.flutter.embedding.engine.FlutterOverlaySurface: android.view.Surface getSurface()
io.flutter.embedding.engine.renderer.FlutterRenderer$ImageReaderSurfaceProducer: android.view.Surface getSurface()
com.yalantis.ucrop.view.UCropView: com.yalantis.ucrop.view.GestureCropImageView getCropImageView()
com.google.gson.Gson$FutureTypeAdapter: Gson$FutureTypeAdapter()
androidx.core.view.MenuItemCompat$Api26Impl: android.view.MenuItem setIconTintList(android.view.MenuItem,android.content.res.ColorStateList)
androidx.core.view.WindowInsetsCompat$Impl29: androidx.core.graphics.Insets getSystemGestureInsets()
androidx.lifecycle.Lifecycle: Lifecycle()
androidx.vectordrawable.graphics.drawable.VectorDrawableCompat$VGroup: float getScaleX()
androidx.core.content.ContextCompat$Api23Impl: java.lang.String getSystemServiceName(android.content.Context,java.lang.Class)
io.flutter.embedding.engine.systemchannels.PlatformChannel$Brightness: io.flutter.embedding.engine.systemchannels.PlatformChannel$Brightness valueOf(java.lang.String)
androidx.window.layout.SidecarAdapter: java.util.List translate(java.util.List,androidx.window.sidecar.SidecarDeviceState)
io.flutter.embedding.engine.systemchannels.PlatformChannel$SystemUiOverlay: io.flutter.embedding.engine.systemchannels.PlatformChannel$SystemUiOverlay valueOf(java.lang.String)
com.yalantis.ucrop.view.CropImageView: void setMaxResultImageSizeY(int)
androidx.datastore.preferences.protobuf.FieldType: androidx.datastore.preferences.protobuf.FieldType[] values()
androidx.appcompat.widget.DropDownListView: void setListSelectionHidden(boolean)
com.dexterous.flutterlocalnotifications.ActionBroadcastReceiver: ActionBroadcastReceiver()
com.google.gson.TypeAdapter: TypeAdapter()
androidx.window.layout.ActivityCompatHelperApi24: ActivityCompatHelperApi24()